This is pdfTeX, Version 3.14159265-2.6-1.40.16 (MiKTeX 2.9 64-bit) (preloaded format=pdflatex 2016.2.18)  20 FEB 2016 20:19
entering extended mode
**"C:/Users/Rama/Desktop/search engine/Explorative/tp_rama/Documentation/Search
Engine.tex"

("C:/Users/Rama/Desktop/search engine/Explorative/tp_rama/Documentation/SearchE
ngine.tex"
LaTeX2e <2015/10/01> patch level 2
Babel <3.9n> and hyphenation patterns for 69 languages loaded.
("U:\New folder\tex\latex\ieeetran\IEEEtran.cls"
Document Class: IEEEtran 2015/08/26 V1.8b by Michael Shell
-- See the "IEEEtran_HOWTO" manual for usage information.
-- http://www.michaelshell.org/tex/ieeetran/
\@IEEEtrantmpdimenA=\dimen102
\@IEEEtrantmpdimenB=\dimen103
\@IEEEtrantmpdimenC=\dimen104
\@IEEEtrantmpcountA=\count79
\@IEEEtrantmpcountB=\count80
\@IEEEtrantmpcountC=\count81
\@IEEEtrantmptoksA=\toks14
LaTeX Font Info:    Try loading font information for OT1+ptm on input line 503.

("U:\New folder\tex\latex\psnfss\ot1ptm.fd"
File: ot1ptm.fd 2001/06/04 font definitions for OT1/ptm.
)
-- Using 8.5in x 11in (letter) paper.
-- Using PDF output.
\@IEEEnormalsizeunitybaselineskip=\dimen105
-- This is a 10 point document.
\CLASSINFOnormalsizebaselineskip=\dimen106
\CLASSINFOnormalsizeunitybaselineskip=\dimen107
\IEEEnormaljot=\dimen108
LaTeX Font Info:    Font shape `OT1/ptm/bx/n' in size <5> not available
(Font)              Font shape `OT1/ptm/b/n' tried instead on input line 1090.
LaTeX Font Info:    Font shape `OT1/ptm/bx/it' in size <5> not available
(Font)              Font shape `OT1/ptm/b/it' tried instead on input line 1090.

LaTeX Font Info:    Font shape `OT1/ptm/bx/n' in size <7> not available
(Font)              Font shape `OT1/ptm/b/n' tried instead on input line 1090.
LaTeX Font Info:    Font shape `OT1/ptm/bx/it' in size <7> not available
(Font)              Font shape `OT1/ptm/b/it' tried instead on input line 1090.

LaTeX Font Info:    Font shape `OT1/ptm/bx/n' in size <8> not available
(Font)              Font shape `OT1/ptm/b/n' tried instead on input line 1090.
LaTeX Font Info:    Font shape `OT1/ptm/bx/it' in size <8> not available
(Font)              Font shape `OT1/ptm/b/it' tried instead on input line 1090.

LaTeX Font Info:    Font shape `OT1/ptm/bx/n' in size <9> not available
(Font)              Font shape `OT1/ptm/b/n' tried instead on input line 1090.
LaTeX Font Info:    Font shape `OT1/ptm/bx/it' in size <9> not available
(Font)              Font shape `OT1/ptm/b/it' tried instead on input line 1090.

LaTeX Font Info:    Font shape `OT1/ptm/bx/n' in size <10> not available
(Font)              Font shape `OT1/ptm/b/n' tried instead on input line 1090.
LaTeX Font Info:    Font shape `OT1/ptm/bx/it' in size <10> not available
(Font)              Font shape `OT1/ptm/b/it' tried instead on input line 1090.

LaTeX Font Info:    Font shape `OT1/ptm/bx/n' in size <11> not available
(Font)              Font shape `OT1/ptm/b/n' tried instead on input line 1090.
LaTeX Font Info:    Font shape `OT1/ptm/bx/it' in size <11> not available
(Font)              Font shape `OT1/ptm/b/it' tried instead on input line 1090.

LaTeX Font Info:    Font shape `OT1/ptm/bx/n' in size <12> not available
(Font)              Font shape `OT1/ptm/b/n' tried instead on input line 1090.
LaTeX Font Info:    Font shape `OT1/ptm/bx/it' in size <12> not available
(Font)              Font shape `OT1/ptm/b/it' tried instead on input line 1090.

LaTeX Font Info:    Font shape `OT1/ptm/bx/n' in size <17> not available
(Font)              Font shape `OT1/ptm/b/n' tried instead on input line 1090.
LaTeX Font Info:    Font shape `OT1/ptm/bx/it' in size <17> not available
(Font)              Font shape `OT1/ptm/b/it' tried instead on input line 1090.

LaTeX Font Info:    Font shape `OT1/ptm/bx/n' in size <20> not available
(Font)              Font shape `OT1/ptm/b/n' tried instead on input line 1090.
LaTeX Font Info:    Font shape `OT1/ptm/bx/it' in size <20> not available
(Font)              Font shape `OT1/ptm/b/it' tried instead on input line 1090.

LaTeX Font Info:    Font shape `OT1/ptm/bx/n' in size <24> not available
(Font)              Font shape `OT1/ptm/b/n' tried instead on input line 1090.
LaTeX Font Info:    Font shape `OT1/ptm/bx/it' in size <24> not available
(Font)              Font shape `OT1/ptm/b/it' tried instead on input line 1090.

\IEEEquantizedlength=\dimen109
\IEEEquantizedlengthdiff=\dimen110
\IEEEquantizedtextheightdiff=\dimen111
\IEEEilabelindentA=\dimen112
\IEEEilabelindentB=\dimen113
\IEEEilabelindent=\dimen114
\IEEEelabelindent=\dimen115
\IEEEdlabelindent=\dimen116
\IEEElabelindent=\dimen117
\IEEEiednormlabelsep=\dimen118
\IEEEiedmathlabelsep=\dimen119
\IEEEiedtopsep=\skip41
\c@section=\count82
\c@subsection=\count83
\c@subsubsection=\count84
\c@paragraph=\count85
\c@IEEEsubequation=\count86
\abovecaptionskip=\skip42
\belowcaptionskip=\skip43
\c@figure=\count87
\c@table=\count88
\@IEEEeqnnumcols=\count89
\@IEEEeqncolcnt=\count90
\@IEEEsubeqnnumrollback=\count91
\@IEEEquantizeheightA=\dimen120
\@IEEEquantizeheightB=\dimen121
\@IEEEquantizeheightC=\dimen122
\@IEEEquantizeprevdepth=\dimen123
\@IEEEquantizemultiple=\count92
\@IEEEquantizeboxA=\box26
\@IEEEtmpitemindent=\dimen124
\IEEEPARstartletwidth=\dimen125
\c@IEEEbiography=\count93
\@IEEEtranrubishbin=\box27
) (SearchEngine.aux)
\openout1 = `SearchEngine.aux'.

LaTeX Font Info:    Checking defaults for OML/cmm/m/it on input line 8.
LaTeX Font Info:    ... okay on input line 8.
LaTeX Font Info:    Checking defaults for T1/cmr/m/n on input line 8.
LaTeX Font Info:    ... okay on input line 8.
LaTeX Font Info:    Checking defaults for OT1/cmr/m/n on input line 8.
LaTeX Font Info:    ... okay on input line 8.
LaTeX Font Info:    Checking defaults for OMS/cmsy/m/n on input line 8.
LaTeX Font Info:    ... okay on input line 8.
LaTeX Font Info:    Checking defaults for OMX/cmex/m/n on input line 8.
LaTeX Font Info:    ... okay on input line 8.
LaTeX Font Info:    Checking defaults for U/cmr/m/n on input line 8.
LaTeX Font Info:    ... okay on input line 8.

-- Lines per column: 56 (exact).
Missing character: There is no ‚ in font ptmr7t!
Missing character: There is no Ä in font ptmr7t!
Missing character: There is no ú in font ptmr7t!
Missing character: There is no ‚ in font ptmr7t!
Missing character: There is no Ä in font ptmr7t!
Missing character: There is no ù in font ptmr7t!

Underfull \hbox (badness 1389) in paragraph at lines 40--42
\OT1/ptm/m/n/10 lo-ca-tion. For ex-am-ple when you search for a key-word
 []


Underfull \hbox (badness 10000) in paragraph at lines 40--42

 []


Underfull \hbox (badness 2293) in paragraph at lines 54--56
[]\OT1/ptm/m/n/10 In re-gard with this con-cept, there are many pa-pers
 []


Underfull \hbox (badness 10000) in paragraph at lines 54--56

 []


Underfull \hbox (badness 10000) in paragraph at lines 57--58

 []


Underfull \hbox (badness 10000) in paragraph at lines 62--64

 []

Missing character: There is no  in font ptmr7t!
Missing character: There is no ù in font ptmr7t!
Missing character: There is no ë in font ptmr7t!
Missing character: There is no ° in font ptmr7t!
Missing character: There is no ‚ in font ptmr7t!
Missing character: There is no Ñ in font ptmr7t!
Missing character: There is no é in font ptmr7t!
Missing character: There is no ‚ in font ptmr7t!
Missing character: There is no à in font ptmr7t!
Missing character: There is no ∂ in font ptmr7t!
Missing character: There is no ‚ in font ptmr7t!
Missing character: There is no Ñ in font ptmr7t!
Missing character: There is no é in font ptmr7t!
LaTeX Font Info:    External font `cmex10' loaded for size
(Font)              <7> on input line 66.
LaTeX Font Info:    External font `cmex10' loaded for size
(Font)              <5> on input line 66.
Missing character: There is no  in font ptmr7t!
Missing character: There is no ù in font ptmr7t!
Missing character: There is no ë in font ptmr7t!
Missing character: There is no ° in font ptmr7t!
Missing character: There is no ‚ in font ptmr7t!
Missing character: There is no à in font ptmr7t!
Missing character: There is no ß in font ptmr7t!
Missing character: There is no ‚ in font ptmr7t!
Missing character: There is no à in font ptmr7t!
Missing character: There is no É in font ptmr7t!
Missing character: There is no ‚ in font ptmr7t!
Missing character: There is no Ñ in font ptmr7t!
Missing character: There is no é in font ptmr7t!
Missing character: There is no  in font ptmr7t!
Missing character: There is no ù in font ptmr7t!
Missing character: There is no ë in font ptmr7t!
Missing character: There is no â in font ptmr7t!
Missing character: There is no  in font ptmr7t!
Missing character: There is no ù in font ptmr7t!
Missing character: There is no ë in font ptmr7t!
Missing character: There is no ° in font ptmr7t!
Missing character: There is no  in font ptmr7t!
Missing character: There is no ù in font ptmr7t!
Missing character: There is no ë in font ptmr7t!
Missing character: There is no ° in font ptmr7t!
Missing character: There is no ‚ in font ptmr7t!
Missing character: There is no à in font ptmr7t!
Missing character: There is no  in font ptmr7t!
Missing character: There is no ù in font ptmr7t!
Missing character: There is no ë in font ptmr7t!
Missing character: There is no ° in font ptmr7t!
Missing character: There is no ‚ in font ptmr7t!
Missing character: There is no à in font ptmr7t!
Missing character: There is no  in font ptmr7t!
Missing character: There is no ù in font ptmr7t!
Missing character: There is no ë in font ptmr7t!
Missing character: There is no ° in font ptmr7t!
Missing character: There is no  in font ptmr7t!
Missing character: There is no ù in font ptmr7t!
Missing character: There is no ë in font ptmr7t!
Missing character: There is no ° in font ptmr7t!
Missing character: There is no ‚ in font ptmr7t!
Missing character: There is no Ñ in font ptmr7t!
Missing character: There is no é in font ptmr7t!
Missing character: There is no ‚ in font ptmr7t!
Missing character: There is no à in font ptmr7t!
Missing character: There is no ∂ in font ptmr7t!
Missing character: There is no ‚ in font ptmr7t!
Missing character: There is no Ñ in font ptmr7t!
Missing character: There is no é in font ptmr7t!
Missing character: There is no ‚ in font ptmr7t!
Missing character: There is no à in font ptmr7t!
Missing character: There is no à in font ptmr7t!
Missing character: There is no  in font ptmr7t!
Missing character: There is no ù in font ptmr7t!
Missing character: There is no ë in font ptmr7t!
Missing character: There is no † in font ptmr7t!
Missing character: There is no  in font ptmr7t!
Missing character: There is no ù in font ptmr7t!
Missing character: There is no ë in font ptmr7t!
Missing character: There is no ° in font ptmr7t!
Missing character: There is no ‚ in font ptmr7t!
Missing character: There is no Ñ in font ptmr7t!
Missing character: There is no é in font ptmr7t!
Missing character: There is no ‚ in font ptmr7t!
Missing character: There is no à in font ptmr7t!
Missing character: There is no ∂ in font ptmr7t!
Missing character: There is no ‚ in font ptmr7t!
Missing character: There is no Ñ in font ptmr7t!
Missing character: There is no é in font ptmr7t!
Missing character: There is no ‚ in font ptmr7t!
Missing character: There is no à in font ptmr7t!
Missing character: There is no à in font ptmr7t!
Missing character: There is no  in font ptmr7t!
Missing character: There is no ù in font ptmr7t!
Missing character: There is no ë in font ptmr7t!
Missing character: There is no † in font ptmr7t!
Missing character: There is no  in font ptmr7t!
Missing character: There is no ù in font ptmr7t!
Missing character: There is no ë in font ptmr7t!
Missing character: There is no ° in font ptmr7t!
Missing character: There is no ‚ in font ptmr7t!
Missing character: There is no Ñ in font ptmr7t!
Missing character: There is no é in font ptmr7t!
Missing character: There is no ‚ in font ptmr7t!
Missing character: There is no à in font ptmr7t!
Missing character: There is no ∂ in font ptmr7t!
Missing character: There is no ‚ in font ptmr7t!
Missing character: There is no Ñ in font ptmr7t!
Missing character: There is no é in font ptmr7t!
Missing character: There is no ‚ in font ptmr7t!
Missing character: There is no à in font ptmr7t!
Missing character: There is no à in font ptmr7t!
Missing character: There is no  in font ptmr7t!
Missing character: There is no ù in font ptmr7t!
Missing character: There is no ë in font ptmr7t!
Missing character: There is no † in font ptmr7t!
Missing character: There is no  in font ptmr7t!
Missing character: There is no ù in font ptmr7t!
Missing character: There is no ë in font ptmr7t!
Missing character: There is no ° in font ptmr7t!
Missing character: There is no  in font ptmr7t!
Missing character: There is no ù in font ptmr7t!
Missing character: There is no ë in font ptmr7t!
Missing character: There is no † in font ptmr7t!
Missing character: There is no ‚ in font ptmr7t!
Missing character: There is no à in font ptmr7t!
Missing character: There is no ∂ in font ptmr7t!
Missing character: There is no  in font ptmr7t!
Missing character: There is no ù in font ptmr7t!
Missing character: There is no ë in font ptmr7t!
Missing character: There is no † in font ptmr7t!
Missing character: There is no ‚ in font ptmr7t!
Missing character: There is no à in font ptmr7t!
Missing character: There is no à in font ptmr7t!
Missing character: There is no  in font ptmr7t!
Missing character: There is no ù in font ptmr7t!
Missing character: There is no ë in font ptmr7t!
Missing character: There is no ° in font ptmr7t!
Missing character: There is no  in font ptmr7t!
Missing character: There is no ù in font ptmr7t!
Missing character: There is no ë in font ptmr7t!
Missing character: There is no † in font ptmr7t!
Missing character: There is no ‚ in font ptmr7t!
Missing character: There is no à in font ptmr7t!
Missing character: There is no à in font ptmr7t!
Missing character: There is no  in font ptmr7t!
Missing character: There is no ù in font ptmr7t!
Missing character: There is no ë in font ptmr7t!
Missing character: There is no ° in font ptmr7t!

Underfull \hbox (badness 10000) in paragraph at lines 65--79

 []


Underfull \hbox (badness 10000) in paragraph at lines 65--79

 []

[1{C:/Users/Rama/AppData/Local/MiKTeX/2.9/pdftex/config/pdftex.map}


]
LaTeX Font Info:    Try loading font information for OMS+ptm on input line 83.

("U:\New folder\tex\latex\psnfss\omsptm.fd"
File: omsptm.fd 
)
LaTeX Font Info:    Font shape `OMS/ptm/m/n' in size <10> not available
(Font)              Font shape `OMS/cmsy/m/n' tried instead on input line 83.
Missing character: There is no  in font ptmr7t!
Missing character: There is no ù in font ptmr7t!
Missing character: There is no ë in font ptmr7t!
Missing character: There is no £ in font ptmr7t!
Missing character: There is no ‚ in font ptmr7t!
Missing character: There is no à in font ptmr7t!
Missing character: There is no ∂ in font ptmr7t!
Missing character: There is no  in font ptmr7t!
Missing character: There is no ù in font ptmr7t!
Missing character: There is no ë in font ptmr7t!
Missing character: There is no £ in font ptmr7t!
Missing character: There is no ‚ in font ptmr7t!
Missing character: There is no â in font ptmr7t!
Missing character: There is no § in font ptmr7t!
Missing character: There is no  in font ptmr7t!
Missing character: There is no ù in font ptmr7t!
Missing character: There is no ë in font ptmr7t!
Missing character: There is no £ in font ptmr7t!
Missing character: There is no ‚ in font ptmr7t!
Missing character: There is no à in font ptmr7t!
Missing character: There is no à in font ptmr7t!
Missing character: There is no  in font ptmr7t!
Missing character: There is no ù in font ptmr7t!
Missing character: There is no ë in font ptmr7t!
Missing character: There is no â in font ptmr7t!
Missing character: There is no ‚ in font ptmr7t!
Missing character: There is no Ä in font ptmr7t!
Missing character: There is no ô in font ptmr7t!

Underfull \hbox (badness 5331) in paragraph at lines 87--89
[]\OT1/ptm/b/n/10 Anomaly: \OT1/ptm/m/n/10 Anomaly func-tion sim-ply makes use 
of
 []


Underfull \hbox (badness 10000) in paragraph at lines 87--89

 []

Missing character: There is no  in font ptmr7t!
Missing character: There is no ù in font ptmr7t!
Missing character: There is no ë in font ptmr7t!
Missing character: There is no ° in font ptmr7t!
Missing character: There is no ‚ in font ptmr7t!
Missing character: There is no Ñ in font ptmr7t!
Missing character: There is no é in font ptmr7t!
Missing character: There is no ‚ in font ptmr7t!
Missing character: There is no à in font ptmr7t!
Missing character: There is no ∂ in font ptmr7t!
Missing character: There is no ‚ in font ptmr7t!
Missing character: There is no Ñ in font ptmr7t!
Missing character: There is no é in font ptmr7t!
Missing character: There is no ‚ in font ptmr7t!
Missing character: There is no à in font ptmr7t!
Missing character: There is no à in font ptmr7t!
Missing character: There is no  in font ptmr7t!
Missing character: There is no ù in font ptmr7t!
Missing character: There is no ë in font ptmr7t!
Missing character: There is no ° in font ptmr7t!
Missing character: There is no ‚ in font ptmr7t!
Missing character: There is no à in font ptmr7t!
Missing character: There is no É in font ptmr7t!
Missing character: There is no ‚ in font ptmr7t!
Missing character: There is no Ñ in font ptmr7t!
Missing character: There is no é in font ptmr7t!
Missing character: There is no ‚ in font ptmr7t!
Missing character: There is no à in font ptmr7t!
Missing character: There is no à in font ptmr7t!
Missing character: There is no  in font ptmr7t!
Missing character: There is no ù in font ptmr7t!
Missing character: There is no ë in font ptmr7t!
Missing character: There is no â in font ptmr7t!
Missing character: There is no  in font ptmr7t!
Missing character: There is no ù in font ptmr7t!
Missing character: There is no ë in font ptmr7t!
Missing character: There is no ° in font ptmr7t!
Missing character: There is no ‚ in font ptmr7t!
Missing character: There is no Ñ in font ptmr7t!
Missing character: There is no é in font ptmr7t!
Missing character: There is no ‚ in font ptmr7t!
Missing character: There is no à in font ptmr7t!
Missing character: There is no ∂ in font ptmr7t!
Missing character: There is no ‚ in font ptmr7t!
Missing character: There is no Ñ in font ptmr7t!
Missing character: There is no é in font ptmr7t!
Missing character: There is no ‚ in font ptmr7t!
Missing character: There is no à in font ptmr7t!
Missing character: There is no à in font ptmr7t!
Missing character: There is no  in font ptmr7t!
Missing character: There is no ù in font ptmr7t!
Missing character: There is no ë in font ptmr7t!
Missing character: There is no † in font ptmr7t!
Missing character: There is no  in font ptmr7t!
Missing character: There is no ù in font ptmr7t!
Missing character: There is no ë in font ptmr7t!
Missing character: There is no ° in font ptmr7t!
Missing character: There is no  in font ptmr7t!
Missing character: There is no ù in font ptmr7t!
Missing character: There is no ë in font ptmr7t!
Missing character: There is no † in font ptmr7t!
Missing character: There is no ‚ in font ptmr7t!
Missing character: There is no à in font ptmr7t!
Missing character: There is no ∂ in font ptmr7t!
Missing character: There is no  in font ptmr7t!
Missing character: There is no ù in font ptmr7t!
Missing character: There is no ë in font ptmr7t!
Missing character: There is no † in font ptmr7t!
Missing character: There is no ‚ in font ptmr7t!
Missing character: There is no à in font ptmr7t!
Missing character: There is no à in font ptmr7t!
Missing character: There is no  in font ptmr7t!
Missing character: There is no ù in font ptmr7t!
Missing character: There is no ë in font ptmr7t!
Missing character: There is no ° in font ptmr7t!
Missing character: There is no  in font ptmr7t!
Missing character: There is no ù in font ptmr7t!
Missing character: There is no ë in font ptmr7t!
Missing character: There is no † in font ptmr7t!
Missing character: There is no ‚ in font ptmr7t!
Missing character: There is no à in font ptmr7t!
Missing character: There is no à in font ptmr7t!
Missing character: There is no  in font ptmr7t!
Missing character: There is no ù in font ptmr7t!
Missing character: There is no ë in font ptmr7t!
Missing character: There is no ° in font ptmr7t!

Underfull \hbox (badness 10000) in paragraph at lines 90--95

 []


Underfull \hbox (badness 10000) in paragraph at lines 96--102

 []

LaTeX Font Info:    External font `cmex10' loaded for size
(Font)              <8> on input line 136.
LaTeX Font Info:    External font `cmex10' loaded for size
(Font)              <6> on input line 136.

** Conference Paper **
Before submitting the final camera ready copy, remember to:

 1. Manually equalize the lengths of two columns on the last page
 of your paper;

 2. Ensure that any PostScript and/or PDF output post-processing
 uses only Type 1 fonts and that every step in the generation
 process uses the appropriate paper size.

[2

] (SearchEngine.aux) ) 
Here is how much of TeX's memory you used:
 1083 strings out of 493634
 19809 string characters out of 3149417
 80334 words of memory out of 3000000
 4525 multiletter control sequences out of 15000+200000
 38757 words of font info for 72 fonts, out of 3000000 for 9000
 1028 hyphenation exceptions out of 8191
 26i,7n,19p,856b,236s stack positions out of 5000i,500n,10000p,200000b,50000s
{U:/New folder/fonts/enc/dvips/fontname/8r.enc}<U:/New fo
lder/fonts/type1/public/amsfonts/cm/cmsy10.pfb><U:/New folder/fonts/type1/urw/t
imes/utmb8a.pfb><U:/New folder/fonts/type1/urw/times/utmbi8a.pfb><U:/New folder
/fonts/type1/urw/times/utmr8a.pfb><U:/New folder/fonts/type1/urw/times/utmri8a.
pfb>
Output written on SearchEngine.pdf (2 pages, 66675 bytes).
PDF statistics:
 30 PDF objects out of 1000 (max. 8388607)
 0 named destinations out of 1000 (max. 500000)
 1 words of extra memory for PDF output out of 10000 (max. 10000000)

